<?xml version="1.0" encoding="UTF-8"?>
<testng-results skipped="0" failed="0" ignored="0" total="3" passed="3">
  <reporter-output>
  </reporter-output>
  <suite name="Suite" duration-ms="166662" started-at="2020-07-02T15:37:28Z" finished-at="2020-07-02T15:40:15Z">
    <groups>
    </groups>
    <test name="Naukri" duration-ms="51796" started-at="2020-07-02T15:37:28Z" finished-at="2020-07-02T15:38:20Z">
      <class name="scripts.VerifyNaukri">
        <test-method status="PASS" signature="testNaukri()[pri:0, instance:scripts.VerifyNaukri@7d9d1a19]" name="testNaukri" duration-ms="48308" started-at="2020-07-02T21:07:28Z" finished-at="2020-07-02T21:08:16Z">
          <reporter-output>
          </reporter-output>
        </test-method> <!-- testNaukri -->
        <test-method status="PASS" signature="closeDriver()[pri:0, instance:scripts.VerifyNaukri@7d9d1a19]" name="closeDriver" is-config="true" duration-ms="3425" started-at="2020-07-02T21:08:16Z" finished-at="2020-07-02T21:08:20Z">
          <reporter-output>
          </reporter-output>
        </test-method> <!-- closeDriver -->
      </class> <!-- scripts.VerifyNaukri -->
    </test> <!-- Naukri -->
    <test name="TimesJobs" duration-ms="62431" started-at="2020-07-02T15:38:21Z" finished-at="2020-07-02T15:39:23Z">
      <class name="scripts.VerifyTimesJobs">
        <test-method status="PASS" signature="testTimesJobs()[pri:0, instance:scripts.VerifyTimesJobs@5700d6b1]" name="testTimesJobs" duration-ms="55223" started-at="2020-07-02T21:08:21Z" finished-at="2020-07-02T21:09:16Z">
          <reporter-output>
          </reporter-output>
        </test-method> <!-- testTimesJobs -->
        <test-method status="PASS" signature="closeDriver()[pri:0, instance:scripts.VerifyTimesJobs@5700d6b1]" name="closeDriver" is-config="true" duration-ms="7205" started-at="2020-07-02T21:09:16Z" finished-at="2020-07-02T21:09:23Z">
          <reporter-output>
          </reporter-output>
        </test-method> <!-- closeDriver -->
      </class> <!-- scripts.VerifyTimesJobs -->
    </test> <!-- TimesJobs -->
    <test name="Monster" duration-ms="51402" started-at="2020-07-02T15:39:23Z" finished-at="2020-07-02T15:40:15Z">
      <class name="scripts.VerifyMonster">
        <test-method status="PASS" signature="testMonsterIndia()[pri:0, instance:scripts.VerifyMonster@490ab905]" name="testMonsterIndia" duration-ms="44231" started-at="2020-07-02T21:09:23Z" finished-at="2020-07-02T21:10:08Z">
          <reporter-output>
          </reporter-output>
        </test-method> <!-- testMonsterIndia -->
        <test-method status="PASS" signature="closeDriver()[pri:0, instance:scripts.VerifyMonster@490ab905]" name="closeDriver" is-config="true" duration-ms="7168" started-at="2020-07-02T21:10:08Z" finished-at="2020-07-02T21:10:15Z">
          <reporter-output>
          </reporter-output>
        </test-method> <!-- closeDriver -->
      </class> <!-- scripts.VerifyMonster -->
    </test> <!-- Monster -->
  </suite> <!-- Suite -->
</testng-results>
